# JRE version: Java(TM) SE Runtime Environment (13.0.2+8) (build 13.0.2+8)
# Java VM: Java HotSpot(TM) 64-Bit Server VM (13.0.2+8, mixed mode, sharing, tiered, compressed oops, g1 gc, windows-amd64)
Heap:
 garbage-first heap   total 100352K, used 30679K [0x0000000701c00000, 0x0000000800000000)
  region size 1024K, 6 young (6144K), 4 survivors (4096K)
 Metaspace       used 57810K, capacity 59611K, committed 59852K, reserved 1099776K
  class space    used 7927K, capacity 8607K, committed 8652K, reserved 1048576K
GC Heap History (20 events):
Event: 2.690 GC heap before
{Heap before GC invocations=7 (full 0):
 garbage-first heap   total 51200K, used 38283K [0x0000000701c00000, 0x0000000800000000)
  region size 1024K, 27 young (27648K), 3 survivors (3072K)
 Metaspace       used 24473K, capacity 25538K, committed 25728K, reserved 1071104K
  class space    used 3401K, capacity 3843K, committed 3968K, reserved 1048576K
}
Event: 2.695 GC heap after
{Heap after GC invocations=8 (full 0):
 garbage-first heap   total 156672K, used 14998K [0x0000000701c00000, 0x0000000800000000)
  region size 1024K, 4 young (4096K), 4 survivors (4096K)
 Metaspace       used 24473K, capacity 25538K, committed 25728K, reserved 1071104K
  class space    used 3401K, capacity 3843K, committed 3968K, reserved 1048576K
}
Event: 2.859 GC heap before
{Heap before GC invocations=8 (full 0):
 garbage-first heap   total 156672K, used 103062K [0x0000000701c00000, 0x0000000800000000)
  region size 1024K, 91 young (93184K), 4 survivors (4096K)
 Metaspace       used 26125K, capacity 27233K, committed 27392K, reserved 1073152K
  class space    used 3556K, capacity 3981K, committed 4096K, reserved 1048576K
}
Event: 2.863 GC heap after
{Heap after GC invocations=9 (full 0):
 garbage-first heap   total 156672K, used 15970K [0x0000000701c00000, 0x0000000800000000)
  region size 1024K, 5 young (5120K), 5 survivors (5120K)
 Metaspace       used 26125K, capacity 27233K, committed 27392K, reserved 1073152K
  class space    used 3556K, capacity 3981K, committed 4096K, reserved 1048576K
}
Event: 3.324 GC heap before
{Heap before GC invocations=9 (full 0):
 garbage-first heap   total 156672K, used 73314K [0x0000000701c00000, 0x0000000800000000)
  region size 1024K, 63 young (64512K), 5 survivors (5120K)
 Metaspace       used 34246K, capacity 35308K, committed 35584K, reserved 1079296K
  class space    used 4672K, capacity 5093K, committed 5120K, reserved 1048576K
}
Event: 3.329 GC heap after
{Heap after GC invocations=10 (full 0):
 garbage-first heap   total 156672K, used 18271K [0x0000000701c00000, 0x0000000800000000)
  region size 1024K, 7 young (7168K), 7 survivors (7168K)
 Metaspace       used 34246K, capacity 35308K, committed 35584K, reserved 1079296K
  class space    used 4672K, capacity 5093K, committed 5120K, reserved 1048576K
}
Event: 3.635 GC heap before
{Heap before GC invocations=11 (full 0):
 garbage-first heap   total 68608K, used 51039K [0x0000000701c00000, 0x0000000800000000)
  region size 1024K, 40 young (40960K), 7 survivors (7168K)
 Metaspace       used 39692K, capacity 40846K, committed 40960K, reserved 1085440K
  class space    used 5350K, capacity 5788K, committed 5888K, reserved 1048576K
}
Event: 3.641 GC heap after
{Heap after GC invocations=12 (full 0):
 garbage-first heap   total 68608K, used 19450K [0x0000000701c00000, 0x0000000800000000)
  region size 1024K, 4 young (4096K), 4 survivors (4096K)
 Metaspace       used 39692K, capacity 40846K, committed 40960K, reserved 1085440K
  class space    used 5350K, capacity 5788K, committed 5888K, reserved 1048576K
}
Event: 3.888 GC heap before
{Heap before GC invocations=12 (full 0):
 garbage-first heap   total 68608K, used 53242K [0x0000000701c00000, 0x0000000800000000)
  region size 1024K, 38 young (38912K), 4 survivors (4096K)
 Metaspace       used 43268K, capacity 44477K, committed 44672K, reserved 1087488K
  class space    used 5958K, capacity 6415K, committed 6528K, reserved 1048576K
}
Event: 3.892 GC heap after
{Heap after GC invocations=13 (full 0):
 garbage-first heap   total 82944K, used 20558K [0x0000000701c00000, 0x0000000800000000)
  region size 1024K, 3 young (3072K), 3 survivors (3072K)
 Metaspace       used 43268K, capacity 44477K, committed 44672K, reserved 1087488K
  class space    used 5958K, capacity 6415K, committed 6528K, reserved 1048576K
}
Event: 4.149 GC heap before
{Heap before GC invocations=13 (full 0):
 garbage-first heap   total 82944K, used 61518K [0x0000000701c00000, 0x0000000800000000)
  region size 1024K, 43 young (44032K), 3 survivors (3072K)
 Metaspace       used 46481K, capacity 47939K, committed 48256K, reserved 1091584K
  class space    used 6414K, capacity 6949K, committed 7040K, reserved 1048576K
}
Event: 4.153 GC heap after
{Heap after GC invocations=14 (full 0):
 garbage-first heap   total 82944K, used 22459K [0x0000000701c00000, 0x0000000800000000)
  region size 1024K, 5 young (5120K), 5 survivors (5120K)
 Metaspace       used 46481K, capacity 47939K, committed 48256K, reserved 1091584K
  class space    used 6414K, capacity 6949K, committed 7040K, reserved 1048576K
}
Event: 4.373 GC heap before
{Heap before GC invocations=14 (full 0):
 garbage-first heap   total 82944K, used 62395K [0x0000000701c00000, 0x0000000800000000)
  region size 1024K, 44 young (45056K), 5 survivors (5120K)
 Metaspace       used 48305K, capacity 49858K, committed 50048K, reserved 1091584K
  class space    used 6703K, capacity 7285K, committed 7296K, reserved 1048576K
}
Event: 4.377 GC heap after
{Heap after GC invocations=15 (full 0):
 garbage-first heap   total 82944K, used 24140K [0x0000000701c00000, 0x0000000800000000)
  region size 1024K, 5 young (5120K), 5 survivors (5120K)
 Metaspace       used 48305K, capacity 49858K, committed 50048K, reserved 1091584K
  class space    used 6703K, capacity 7285K, committed 7296K, reserved 1048576K
}
Event: 6.092 GC heap before
{Heap before GC invocations=15 (full 0):
 garbage-first heap   total 82944K, used 64076K [0x0000000701c00000, 0x0000000800000000)
  region size 1024K, 44 young (45056K), 5 survivors (5120K)
 Metaspace       used 51634K, capacity 53308K, committed 53376K, reserved 1095680K
  class space    used 7145K, capacity 7790K, committed 7808K, reserved 1048576K
}
Event: 6.097 GC heap after
{Heap after GC invocations=16 (full 0):
 garbage-first heap   total 82944K, used 26105K [0x0000000701c00000, 0x0000000800000000)
  region size 1024K, 4 young (4096K), 4 survivors (4096K)
 Metaspace       used 51634K, capacity 53308K, committed 53376K, reserved 1095680K
  class space    used 7145K, capacity 7790K, committed 7808K, reserved 1048576K
}
Event: 14.890 GC heap before
{Heap before GC invocations=16 (full 0):
 garbage-first heap   total 82944K, used 65017K [0x0000000701c00000, 0x0000000800000000)
  region size 1024K, 42 young (43008K), 4 survivors (4096K)
 Metaspace       used 56519K, capacity 58263K, committed 58368K, reserved 1099776K
  class space    used 7775K, capacity 8436K, committed 8448K, reserved 1048576K
}
Event: 14.895 GC heap after
{Heap after GC invocations=17 (full 0):
 garbage-first heap   total 100352K, used 29280K [0x0000000701c00000, 0x0000000800000000)
  region size 1024K, 6 young (6144K), 6 survivors (6144K)
 Metaspace       used 56519K, capacity 58263K, committed 58368K, reserved 1099776K
  class space    used 7775K, capacity 8436K, committed 8448K, reserved 1048576K
}
Event: 14.964 GC heap before
{Heap before GC invocations=17 (full 0):
 garbage-first heap   total 100352K, used 36448K [0x0000000701c00000, 0x0000000800000000)
  region size 1024K, 14 young (14336K), 6 survivors (6144K)
 Metaspace       used 57749K, capacity 59515K, committed 59520K, reserved 1099776K
  class space    used 7922K, capacity 8575K, committed 8576K, reserved 1048576K
}
Event: 14.968 GC heap after
{Heap after GC invocations=18 (full 0):
 garbage-first heap   total 100352K, used 29655K [0x0000000701c00000, 0x0000000800000000)
  region size 1024K, 4 young (4096K), 4 survivors (4096K)
 Metaspace       used 57749K, capacity 59515K, committed 59520K, reserved 1099776K
  class space    used 7922K, capacity 8575K, committed 8576K, reserved 1048576K
}

